2021-12-11 19:10:05,219 - MyFW -INFO - Initiating Drivers
2021-12-11 19:10:05,274 - MyFW -INFO - Killed all the Chrome browser process
2021-12-11 19:10:08,504 - MyFW -INFO - Chrome Browser Initialized Successfully
2021-12-11 19:10:36,567 - MyFW -INFO - notification popup is closed
2021-12-11 19:10:36,629 - MyFW -INFO - Fill in your Information form is displayed
2021-12-11 19:10:37,349 - MyFW -INFO - Fill in your Information popup is closed
2021-12-11 19:10:40,941 - MyFW -INFO - Email address contains only one @ character which is as expected
2021-12-11 19:10:40,942 - MyFW -INFO - Email address contains more than .(dot) characters. Count: 3
2021-12-11 19:10:40,943 - MyFW -INFO - Email address is invalid as trailing dots are not allowed
2021-12-11 19:10:40,944 - MyFW -INFO - The last portion of the email domain contains atleast two characters which is valid and as Expected
2021-12-11 19:10:40,945 - MyFW -INFO - Email domain is valid and as Expected
2021-12-11 19:10:41,480 - MyFW -INFO - Success Message does not appear 
2021-12-11 19:10:41,481 - MyFW -INFO - Fields are mandatory and supplied with invalid values as expected
2021-12-11 19:10:41,482 - MyFW -INFO - Testing is Successfully Completed and Passed
2021-12-11 19:10:41,980 - MyFW -INFO - Closing browser
2021-12-11 19:10:42,010 - MyFW -INFO - Initiating Drivers
2021-12-11 19:10:42,026 - MyFW -INFO - Killed all the Chrome browser process
2021-12-11 19:10:44,022 - MyFW -INFO - Chrome Browser Initialized Successfully
2021-12-11 19:11:11,836 - MyFW -INFO - notification popup is closed
2021-12-11 19:11:11,916 - MyFW -INFO - Fill in your Information form is displayed
2021-12-11 19:11:12,594 - MyFW -INFO - Fill in your Information popup is closed
2021-12-11 19:11:15,413 - MyFW -INFO - Email address contains more than one @ character which is invalid. Count: 2
2021-12-11 19:11:15,414 - MyFW -INFO - Email address contains consecutive .(dot) characters which is invalid
2021-12-11 19:11:15,415 - MyFW -INFO - Email Address does not contain . dot character which is invalid
2021-12-11 19:11:15,416 - MyFW -INFO - Email address does not start with .(dot) which is valid and as expected
2021-12-11 19:11:15,417 - MyFW -INFO - The last portion of the email domain does not end with expected domain names hence invalid data
2021-12-11 19:11:15,757 - MyFW -INFO - Success Message does not appear 
2021-12-11 19:11:15,757 - MyFW -INFO - Fields are mandatory and supplied with invalid values as expected
2021-12-11 19:11:15,758 - MyFW -INFO - Testing is Successfully Completed and Passed
2021-12-11 19:11:16,224 - MyFW -INFO - Closing browser
2021-12-11 19:11:16,256 - MyFW -INFO - Initiating Drivers
2021-12-11 19:11:16,293 - MyFW -INFO - Killed all the Chrome browser process
2021-12-11 19:11:18,483 - MyFW -INFO - Chrome Browser Initialized Successfully
2021-12-11 19:11:46,245 - MyFW -INFO - notification popup is closed
2021-12-11 19:11:46,315 - MyFW -INFO - Fill in your Information form is displayed
2021-12-11 19:11:46,761 - MyFW -INFO - Fill in your Information popup is closed
2021-12-11 19:11:49,474 - MyFW -INFO - Email address contains only one @ character which is as expected
2021-12-11 19:11:49,474 - MyFW -INFO - Email address contains more than .(dot) characters. Count: 2
2021-12-11 19:11:49,475 - MyFW -INFO - Email address does not start with .(dot) which is valid and as expected
2021-12-11 19:11:49,475 - MyFW -INFO - The last portion of the email domain contains atleast two characters which is valid and as Expected
2021-12-11 19:11:49,475 - MyFW -INFO - Email domain is valid and as Expected
2021-12-11 19:11:49,752 - MyFW -INFO - Success Message appears: Message sent successfully!
2021-12-11 19:11:49,754 - MyFW -INFO - Testing is Successfully Completed and Passed
2021-12-11 19:11:50,213 - MyFW -INFO - Closing browser
2021-12-11 19:11:50,266 - MyFW -INFO - Initiating Drivers
2021-12-11 19:11:50,304 - MyFW -INFO - Killed all the Chrome browser process
2021-12-11 19:11:52,899 - MyFW -INFO - Chrome Browser Initialized Successfully
2021-12-11 19:12:20,077 - MyFW -INFO - notification popup is closed
2021-12-11 19:12:20,154 - MyFW -INFO - Fill in your Information form is displayed
2021-12-11 19:12:20,817 - MyFW -INFO - Fill in your Information popup is closed
2021-12-11 19:12:23,913 - MyFW -INFO - Email address does not contain @ character which is invalid
2021-12-11 19:12:23,914 - MyFW -INFO - Email address does not contain . character which is invalid
2021-12-11 19:12:23,915 - MyFW -INFO - Email address does not start with .(dot) which is valid and as expected
2021-12-11 19:12:23,916 - MyFW -INFO - The last portion of the email domain does not end with expected domain names hence invalid data
2021-12-11 19:12:24,218 - MyFW -INFO - Success Message does not appear 
2021-12-11 19:12:24,219 - MyFW -INFO - Fields are mandatory and supplied with invalid values as expected
2021-12-11 19:12:24,220 - MyFW -INFO - Testing is Successfully Completed and Passed
2021-12-11 19:12:24,688 - MyFW -INFO - Closing browser
2021-12-11 19:12:24,714 - MyFW -INFO - Initiating Drivers
2021-12-11 19:12:24,736 - MyFW -INFO - Killed all the Chrome browser process
2021-12-11 19:12:26,761 - MyFW -INFO - Chrome Browser Initialized Successfully
2021-12-11 19:12:54,608 - MyFW -INFO - notification popup is closed
2021-12-11 19:12:54,672 - MyFW -INFO - Fill in your Information form is displayed
2021-12-11 19:12:55,213 - MyFW -INFO - Fill in your Information popup is closed
2021-12-11 19:12:58,496 - MyFW -INFO - Country Code is valid and selectable as value by Country Code field 
2021-12-11 19:12:58,808 - MyFW -INFO - Success Message appears: Message sent successfully!
2021-12-11 19:12:58,809 - MyFW -INFO - Testing is Successfully Completed and Passed
2021-12-11 19:12:59,253 - MyFW -INFO - Closing browser
2021-12-11 19:12:59,285 - MyFW -INFO - Initiating Drivers
2021-12-11 19:12:59,306 - MyFW -INFO - Killed all the Chrome browser process
2021-12-11 19:13:01,112 - MyFW -INFO - Chrome Browser Initialized Successfully
