2021-12-11 19:10:05,219 [main] INFO MyFW - Initiating Drivers
2021-12-11 19:10:05,274 [main] INFO MyFW - Killed all the Chrome browser process
2021-12-11 19:10:08,504 [main] INFO MyFW - Chrome Browser Initialized Successfully
2021-12-11 19:10:36,567 [main] INFO MyFW - notification popup is closed
2021-12-11 19:10:36,629 [main] INFO MyFW - Fill in your Information form is displayed
2021-12-11 19:10:37,349 [main] INFO MyFW - Fill in your Information popup is closed
2021-12-11 19:10:40,941 [main] INFO MyFW - Email address contains only one @ character which is as expected
2021-12-11 19:10:40,942 [main] INFO MyFW - Email address contains more than .(dot) characters. Count: 3
2021-12-11 19:10:40,943 [main] INFO MyFW - Email address is invalid as trailing dots are not allowed
2021-12-11 19:10:40,944 [main] INFO MyFW - The last portion of the email domain contains atleast two characters which is valid and as Expected
2021-12-11 19:10:40,945 [main] INFO MyFW - Email domain is valid and as Expected
2021-12-11 19:10:41,480 [main] INFO MyFW - Success Message does not appear 
2021-12-11 19:10:41,481 [main] INFO MyFW - Fields are mandatory and supplied with invalid values as expected
2021-12-11 19:10:41,482 [main] INFO MyFW - Testing is Successfully Completed and Passed
2021-12-11 19:10:41,980 [main] INFO MyFW - Closing browser
2021-12-11 19:10:42,010 [main] INFO MyFW - Initiating Drivers
2021-12-11 19:10:42,026 [main] INFO MyFW - Killed all the Chrome browser process
2021-12-11 19:10:44,022 [main] INFO MyFW - Chrome Browser Initialized Successfully
2021-12-11 19:11:11,836 [main] INFO MyFW - notification popup is closed
2021-12-11 19:11:11,916 [main] INFO MyFW - Fill in your Information form is displayed
2021-12-11 19:11:12,594 [main] INFO MyFW - Fill in your Information popup is closed
2021-12-11 19:11:15,413 [main] INFO MyFW - Email address contains more than one @ character which is invalid. Count: 2
2021-12-11 19:11:15,414 [main] INFO MyFW - Email address contains consecutive .(dot) characters which is invalid
2021-12-11 19:11:15,415 [main] INFO MyFW - Email Address does not contain . dot character which is invalid
2021-12-11 19:11:15,416 [main] INFO MyFW - Email address does not start with .(dot) which is valid and as expected
2021-12-11 19:11:15,417 [main] INFO MyFW - The last portion of the email domain does not end with expected domain names hence invalid data
2021-12-11 19:11:15,757 [main] INFO MyFW - Success Message does not appear 
2021-12-11 19:11:15,757 [main] INFO MyFW - Fields are mandatory and supplied with invalid values as expected
2021-12-11 19:11:15,758 [main] INFO MyFW - Testing is Successfully Completed and Passed
2021-12-11 19:11:16,224 [main] INFO MyFW - Closing browser
2021-12-11 19:11:16,256 [main] INFO MyFW - Initiating Drivers
2021-12-11 19:11:16,293 [main] INFO MyFW - Killed all the Chrome browser process
2021-12-11 19:11:18,483 [main] INFO MyFW - Chrome Browser Initialized Successfully
2021-12-11 19:11:46,245 [main] INFO MyFW - notification popup is closed
2021-12-11 19:11:46,315 [main] INFO MyFW - Fill in your Information form is displayed
2021-12-11 19:11:46,761 [main] INFO MyFW - Fill in your Information popup is closed
2021-12-11 19:11:49,474 [main] INFO MyFW - Email address contains only one @ character which is as expected
2021-12-11 19:11:49,474 [main] INFO MyFW - Email address contains more than .(dot) characters. Count: 2
2021-12-11 19:11:49,475 [main] INFO MyFW - Email address does not start with .(dot) which is valid and as expected
2021-12-11 19:11:49,475 [main] INFO MyFW - The last portion of the email domain contains atleast two characters which is valid and as Expected
2021-12-11 19:11:49,475 [main] INFO MyFW - Email domain is valid and as Expected
2021-12-11 19:11:49,752 [main] INFO MyFW - Success Message appears: Message sent successfully!
2021-12-11 19:11:49,754 [main] INFO MyFW - Testing is Successfully Completed and Passed
2021-12-11 19:11:50,213 [main] INFO MyFW - Closing browser
2021-12-11 19:11:50,266 [main] INFO MyFW - Initiating Drivers
2021-12-11 19:11:50,304 [main] INFO MyFW - Killed all the Chrome browser process
2021-12-11 19:11:52,899 [main] INFO MyFW - Chrome Browser Initialized Successfully
2021-12-11 19:12:20,077 [main] INFO MyFW - notification popup is closed
2021-12-11 19:12:20,154 [main] INFO MyFW - Fill in your Information form is displayed
2021-12-11 19:12:20,817 [main] INFO MyFW - Fill in your Information popup is closed
2021-12-11 19:12:23,913 [main] INFO MyFW - Email address does not contain @ character which is invalid
2021-12-11 19:12:23,914 [main] INFO MyFW - Email address does not contain . character which is invalid
2021-12-11 19:12:23,915 [main] INFO MyFW - Email address does not start with .(dot) which is valid and as expected
2021-12-11 19:12:23,916 [main] INFO MyFW - The last portion of the email domain does not end with expected domain names hence invalid data
2021-12-11 19:12:24,218 [main] INFO MyFW - Success Message does not appear 
2021-12-11 19:12:24,219 [main] INFO MyFW - Fields are mandatory and supplied with invalid values as expected
2021-12-11 19:12:24,220 [main] INFO MyFW - Testing is Successfully Completed and Passed
2021-12-11 19:12:24,688 [main] INFO MyFW - Closing browser
2021-12-11 19:12:24,714 [main] INFO MyFW - Initiating Drivers
2021-12-11 19:12:24,736 [main] INFO MyFW - Killed all the Chrome browser process
2021-12-11 19:12:26,761 [main] INFO MyFW - Chrome Browser Initialized Successfully
2021-12-11 19:12:54,608 [main] INFO MyFW - notification popup is closed
2021-12-11 19:12:54,672 [main] INFO MyFW - Fill in your Information form is displayed
2021-12-11 19:12:55,213 [main] INFO MyFW - Fill in your Information popup is closed
2021-12-11 19:12:58,496 [main] INFO MyFW - Country Code is valid and selectable as value by Country Code field 
2021-12-11 19:12:58,808 [main] INFO MyFW - Success Message appears: Message sent successfully!
2021-12-11 19:12:58,809 [main] INFO MyFW - Testing is Successfully Completed and Passed
2021-12-11 19:12:59,253 [main] INFO MyFW - Closing browser
2021-12-11 19:12:59,285 [main] INFO MyFW - Initiating Drivers
2021-12-11 19:12:59,306 [main] INFO MyFW - Killed all the Chrome browser process
2021-12-11 19:13:01,112 [main] INFO MyFW - Chrome Browser Initialized Successfully
